<?xml version="1.0" encoding="utf-8"?><testsuites name="pytest tests"><testsuite name="pytest" errors="0" failures="0" skipped="0" tests="24" time="0.035" timestamp="2026-03-11T20:34:11.495162-04:00" hostname="king95-linux"><testcase classname="test.test_core_utils.TestSetWorkingDirectoryToExeLocation" name="test_function_runs_without_error" time="0.000" /><testcase classname="test.test_core_utils.TestSetWorkingDirectoryToExeLocation" name="test_getattr_frozen_default" time="0.000" /><testcase classname="test.test_core_utils.TestGetMatchingOrFirst" name="test_returns_first_matching_item" time="0.000" /><testcase classname="test.test_core_utils.TestGetMatchingOrFirst" name="test_returns_first_item_when_no_match" time="0.000" /><testcase classname="test.test_core_utils.TestGetMatchingOrFirst" name="test_returns_none_for_empty_list" time="0.000" /><testcase classname="test.test_core_utils.TestGetMatchingOrFirst" name="test_works_with_strings" time="0.000" /><testcase classname="test.test_core_utils.TestGetMatchingOrFirst" name="test_string_fallback_returns_first" time="0.000" /><testcase classname="test.test_core_utils.TestGetMatchingOrFirst" name="test_works_with_dicts" time="0.000" /><testcase classname="test.test_core_utils.TestGetMatchingOrFirst" name="test_dict_fallback_returns_first" time="0.000" /><testcase classname="test.test_core_utils.TestClipSting" name="test_clipstring_and_alias_match" time="0.000" /><testcase classname="test.test_core_utils.TestClipSting" name="test_returns_empty_string_for_none" time="0.000" /><testcase classname="test.test_core_utils.TestClipSting" name="test_returns_empty_string_for_empty_string" time="0.000" /><testcase classname="test.test_core_utils.TestClipSting" name="test_returns_unchanged_when_under_max" time="0.000" /><testcase classname="test.test_core_utils.TestClipSting" name="test_clips_when_at_max_length" time="0.000" /><testcase classname="test.test_core_utils.TestClipSting" name="test_clips_with_ellipsis_when_over_max" time="0.000" /><testcase classname="test.test_core_utils.TestClipSting" name="test_respects_various_max_lengths" time="0.000" /><testcase classname="test.test_core_utils.TestClipSting" name="test_works_with_special_characters" time="0.000" /><testcase classname="test.test_core_utils.TestClipSting" name="test_zero_max_returns_ellipsis_only" time="0.000" /><testcase classname="test.test_image_url.TestSaveImageFromUrl" name="test_successful_image_download" time="0.000" /><testcase classname="test.test_image_url.TestSaveImageFromUrl" name="test_404_error_handling" time="0.000" /><testcase classname="test.test_image_url.TestSaveImageFromUrl" name="test_500_error_handling" time="0.000" /><testcase classname="test.test_image_url.TestSaveImageFromUrl" name="test_timeout_handling" time="0.000" /><testcase classname="test.test_image_url.TestSaveImageFromUrl" name="test_invalid_url_none" time="0.000" /><testcase classname="test.test_image_url.TestSaveImageFromUrl" name="test_invalid_url_empty" time="0.000" /></testsuite></testsuites>